mode: set
github.com/wrk-grp/sherlock/parser.go:17.48,27.2 6 1
github.com/wrk-grp/sherlock/parser.go:29.34,31.59 1 1
github.com/wrk-grp/sherlock/parser.go:31.59,32.19 1 1
github.com/wrk-grp/sherlock/parser.go:36.4,36.28 1 1
github.com/wrk-grp/sherlock/parser.go:58.4,58.20 1 1
github.com/wrk-grp/sherlock/parser.go:32.19,34.5 1 0
github.com/wrk-grp/sherlock/parser.go:37.13,38.22 1 0
github.com/wrk-grp/sherlock/parser.go:39.29,43.23 3 1
github.com/wrk-grp/sherlock/parser.go:47.5,54.60 3 1
github.com/wrk-grp/sherlock/parser.go:55.12,55.12 0 1
github.com/wrk-grp/sherlock/parser.go:43.23,45.6 1 1
